<?xml version="1.0" encoding="UTF-8"?>
<!-- Generated by org.testng.reporters.JUnitXMLReporter -->
<testsuite ignored="0" hostname="impetus-bl0541" failures="0" tests="4" name="BankMgrLoginPageTest" time="59.984" errors="0" timestamp="2023-07-19T20:38:44 IST">
  <testcase classname="com.qa.TestScripts.BankMgrLoginPageTest" name="addACustomer" time="27.988"/>
  <testcase classname="com.qa.TestScripts.BankMgrLoginPageTest" name="addACustomer" time="10.851"/>
  <testcase classname="com.qa.TestScripts.BankMgrLoginPageTest" name="addACustomer" time="8.902"/>
  <testcase classname="com.qa.TestScripts.BankMgrLoginPageTest" name="openAAccountDropdown" time="11.32"/>
</testsuite> <!-- BankMgrLoginPageTest -->
