<?xml version="1.0" encoding="UTF-8"?>
<!-- Generated by org.testng.reporters.JUnitXMLReporter -->
<testsuite ignored="0" hostname="impetus-bl0541" failures="0" tests="1" name="HomePage" time="0.041" errors="0" timestamp="2023-06-05T14:12:38 IST">
  <testcase classname="com.qa.testbase.TestBase" name="@BeforeSuite frameworkSetUp" time="0.016">
    <failure type="java.lang.NullPointerException" message="Cannot invoke &amp;quot;org.openqa.selenium.WebDriver.get(String)&amp;quot; because &amp;quot;com.qa.testbase.TestBase.driver&amp;quot; is null">
      <![CDATA[java.lang.NullPointerException: Cannot invoke "org.openqa.selenium.WebDriver.get(String)" because "com.qa.testbase.TestBase.driver" is null
at com.qa.testbase.TestBase.frameworkSetUp(TestBase.java:43)
... Removed 17 stack frames]]>
    </failure>
  </testcase> <!-- @BeforeSuite frameworkSetUp -->
  <testcase classname="com.qa.TestScripts.HomePageTest" name="clickonbutton" time="0.0">
    <skipped/>
  </testcase> <!-- clickonbutton -->
</testsuite> <!-- HomePage -->
