<?xml version="1.0" encoding="UTF-8"?>
<!-- Generated by org.testng.reporters.JUnitXMLReporter -->
<testsuite ignored="14" hostname="impetus-bl0541" failures="0" tests="8" name="Test suite" time="202.47" errors="0" timestamp="2023-07-24T17:08:25 IST">
  <testcase classname="com.qa.TestScripts.SimpleCheckboxTest" name="testCheckbox" time="10.222"/>
  <testcase classname="com.qa.TestScripts.DynamicCheckboxTest" name="HandleDynamicCheckboxesTest" time="54.709"/>
  <testcase classname="com.qa.TestScripts.DynamicRadioButtonTest" name="HandleDynamicRadioButtonTest" time="12.316"/>
  <testcase classname="com.qa.TestScripts.AlertPageTest" name="HandleAlert" time="11.631"/>
  <testcase classname="com.qa.TestScripts.DropdownTest" name="testDropdownSelection" time="15.186"/>
  <testcase classname="com.qa.TestScripts.MouseHoverTest" name="MouseHoverAction" time="14.676"/>
  <testcase classname="com.qa.TestScripts.WebTableTest" name="testCellValue" time="18.696"/>
  <testcase classname="com.qa.TestScripts.WindowHandleTest" name="HandleWindows" time="64.947"/>
  <testcase classname="com.qa.testbase.TestBase" name="@BeforeSuite frameworkSetUp" time="0.0">
    <ignored/>
  </testcase> <!-- @BeforeSuite frameworkSetUp -->
  <testcase classname="com.qa.testbase.TestBase" name="@AfterSuite teardown" time="0.0">
    <ignored/>
  </testcase> <!-- @AfterSuite teardown -->
  <testcase classname="com.qa.testbase.TestBase" name="@BeforeSuite frameworkSetUp" time="0.0">
    <ignored/>
  </testcase> <!-- @BeforeSuite frameworkSetUp -->
  <testcase classname="com.qa.testbase.TestBase" name="@AfterSuite teardown" time="0.0">
    <ignored/>
  </testcase> <!-- @AfterSuite teardown -->
  <testcase classname="com.qa.testbase.TestBase" name="@BeforeSuite frameworkSetUp" time="0.0">
    <ignored/>
  </testcase> <!-- @BeforeSuite frameworkSetUp -->
  <testcase classname="com.qa.testbase.TestBase" name="@AfterSuite teardown" time="0.0">
    <ignored/>
  </testcase> <!-- @AfterSuite teardown -->
  <testcase classname="com.qa.testbase.TestBase" name="@BeforeSuite frameworkSetUp" time="0.0">
    <ignored/>
  </testcase> <!-- @BeforeSuite frameworkSetUp -->
  <testcase classname="com.qa.testbase.TestBase" name="@AfterSuite teardown" time="0.0">
    <ignored/>
  </testcase> <!-- @AfterSuite teardown -->
  <testcase classname="com.qa.testbase.TestBase" name="@AfterSuite teardown" time="0.0">
    <ignored/>
  </testcase> <!-- @AfterSuite teardown -->
  <testcase classname="com.qa.testbase.TestBase" name="@BeforeSuite frameworkSetUp" time="0.0">
    <ignored/>
  </testcase> <!-- @BeforeSuite frameworkSetUp -->
  <testcase classname="com.qa.testbase.TestBase" name="@BeforeSuite frameworkSetUp" time="0.0">
    <ignored/>
  </testcase> <!-- @BeforeSuite frameworkSetUp -->
  <testcase classname="com.qa.testbase.TestBase" name="@AfterSuite teardown" time="0.0">
    <ignored/>
  </testcase> <!-- @AfterSuite teardown -->
  <testcase classname="com.qa.testbase.TestBase" name="@BeforeSuite frameworkSetUp" time="0.0">
    <ignored/>
  </testcase> <!-- @BeforeSuite frameworkSetUp -->
  <testcase classname="com.qa.testbase.TestBase" name="@AfterSuite teardown" time="0.0">
    <ignored/>
  </testcase> <!-- @AfterSuite teardown -->
</testsuite> <!-- Test suite -->
